<?xml version="1.0" encoding="UTF-8"?>
<!-- Generated by org.testng.reporters.JUnitXMLReporter -->
<testsuite ignored="0" hostname="DESKTOP-S0S45NM" failures="0" tests="3" name="Test" time="56.697" errors="0" timestamp="2023-12-18T00:11:11 IST">
  <testcase classname="org.project1.BestBuyProject.BestBuyEcommerceTest" name="@BeforeClass setUp" time="56.446">
    <failure type="org.openqa.selenium.SessionNotCreatedException" message="session not created: This version of ChromeDriver only supports Chrome version 114
Current browser version is 120.0.6099.72 with binary path C:\Program Files\Google\Chrome\Application\chrome.exe
Build info: version: &amp;apos;3.141.59&amp;apos;, revision: &amp;apos;e82be7d358&amp;apos;, time: &amp;apos;2018-11-14T08:17:03&amp;apos;
System info: host: &amp;apos;DESKTOP-S0S45NM&amp;apos;, ip: &amp;apos;192.168.43.205&amp;apos;, os.name: &amp;apos;Windows 10&amp;apos;, os.arch: &amp;apos;amd64&amp;apos;, os.version: &amp;apos;10.0&amp;apos;, java.version: &amp;apos;17.0.7&amp;apos;
Driver info: driver.version: ChromeDriver
remote stacktrace: Backtrace:
	GetHandleVerifier [0x009CA813+48355]
	(No symbol) [0x0095C4B1]
	(No symbol) [0x00865358]
	(No symbol) [0x008861AC]
	(No symbol) [0x00881EF3]
	(No symbol) [0x00880579]
	(No symbol) [0x008B0C55]
	(No symbol) [0x008B093C]
	(No symbol) [0x008AA536]
	(No symbol) [0x008882DC]
	(No symbol) [0x008893DD]
	GetHandleVerifier [0x00C2AABD+2539405]
	GetHandleVerifier [0x00C6A78F+2800735]
	GetHandleVerifier [0x00C6456C+2775612]
	GetHandleVerifier [0x00A551E0+616112]
	(No symbol) [0x00965F8C]
	(No symbol) [0x00962328]
	(No symbol) [0x0096240B]
	(No symbol) [0x00954FF7]
	BaseThreadInitThunk [0x75B0FCC9+25]
	RtlGetAppContainerNamedObjectPath [0x77047C6E+286]
	RtlGetAppContainerNamedObjectPath [0x77047C3E+238]
">
      <![CDATA[org.openqa.selenium.SessionNotCreatedException: session not created: This version of ChromeDriver only supports Chrome version 114
Current browser version is 120.0.6099.72 with binary path C:\Program Files\Google\Chrome\Application\chrome.exe
Build info: version: '3.141.59', revision: 'e82be7d358', time: '2018-11-14T08:17:03'
System info: host: 'DESKTOP-S0S45NM', ip: '192.168.43.205', os.name: 'Windows 10', os.arch: 'amd64', os.version: '10.0', java.version: '17.0.7'
Driver info: driver.version: ChromeDriver
remote stacktrace: Backtrace:
GetHandleVerifier [0x009CA813+48355]
(No symbol) [0x0095C4B1]
(No symbol) [0x00865358]
(No symbol) [0x008861AC]
(No symbol) [0x00881EF3]
(No symbol) [0x00880579]
(No symbol) [0x008B0C55]
(No symbol) [0x008B093C]
(No symbol) [0x008AA536]
(No symbol) [0x008882DC]
(No symbol) [0x008893DD]
GetHandleVerifier [0x00C2AABD+2539405]
GetHandleVerifier [0x00C6A78F+2800735]
GetHandleVerifier [0x00C6456C+2775612]
GetHandleVerifier [0x00A551E0+616112]
(No symbol) [0x00965F8C]
(No symbol) [0x00962328]
(No symbol) [0x0096240B]
(No symbol) [0x00954FF7]
BaseThreadInitThunk [0x75B0FCC9+25]
RtlGetAppContainerNamedObjectPath [0x77047C6E+286]
RtlGetAppContainerNamedObjectPath [0x77047C3E+238]

at org.openqa.selenium.remote.W3CHandshakeResponse.lambda$errorHandler$0(W3CHandshakeResponse.java:62)
at org.openqa.selenium.remote.HandshakeResponse.lambda$getResponseFunction$0(HandshakeResponse.java:30)
at org.openqa.selenium.remote.ProtocolHandshake.lambda$createSession$0(ProtocolHandshake.java:126)
at java.base/java.util.stream.ReferencePipeline$3$1.accept(ReferencePipeline.java:197)
at java.base/java.util.Spliterators$ArraySpliterator.tryAdvance(Spliterators.java:1002)
at java.base/java.util.stream.ReferencePipeline.forEachWithCancel(ReferencePipeline.java:129)
at java.base/java.util.stream.AbstractPipeline.copyIntoWithCancel(AbstractPipeline.java:527)
at java.base/java.util.stream.AbstractPipeline.copyInto(AbstractPipeline.java:513)
at java.base/java.util.stream.AbstractPipeline.wrapAndCopyInto(AbstractPipeline.java:499)
at java.base/java.util.stream.FindOps$FindOp.evaluateSequential(FindOps.java:150)
at java.base/java.util.stream.AbstractPipeline.evaluate(AbstractPipeline.java:234)
at java.base/java.util.stream.ReferencePipeline.findFirst(ReferencePipeline.java:647)
at org.openqa.selenium.remote.ProtocolHandshake.createSession(ProtocolHandshake.java:128)
at org.openqa.selenium.remote.ProtocolHandshake.createSession(ProtocolHandshake.java:74)
at org.openqa.selenium.remote.HttpCommandExecutor.execute(HttpCommandExecutor.java:136)
at org.openqa.selenium.remote.service.DriverCommandExecutor.execute(DriverCommandExecutor.java:83)
at org.openqa.selenium.remote.RemoteWebDriver.execute(RemoteWebDriver.java:552)
at org.openqa.selenium.remote.RemoteWebDriver.startSession(RemoteWebDriver.java:213)
at org.openqa.selenium.remote.RemoteWebDriver.<init>(RemoteWebDriver.java:131)
at org.openqa.selenium.chrome.ChromeDriver.<init>(ChromeDriver.java:181)
at org.openqa.selenium.chrome.ChromeDriver.<init>(ChromeDriver.java:168)
at org.openqa.selenium.chrome.ChromeDriver.<init>(ChromeDriver.java:123)
at org.project1.BestBuyProject.BestBuyEcommerceTest.setUp(BestBuyEcommerceTest.java:27)
at java.base/java.util.ArrayList.forEach(ArrayList.java:1511)
... Removed 30 stack frames]]>
    </failure>
  </testcase> <!-- @BeforeClass setUp -->
  <testcase classname="org.project1.BestBuyProject.BestBuyEcommerceTest" name="@BeforeMethod setUp" time="0.0">
    <skipped/>
  </testcase> <!-- @BeforeMethod setUp -->
  <testcase classname="org.project1.BestBuyProject.BestBuyEcommerceTest" name="@AfterMethod tearDown" time="0.0">
    <skipped/>
  </testcase> <!-- @AfterMethod tearDown -->
  <testcase classname="org.project1.BestBuyProject.BestBuyEcommerceTest" name="@BeforeMethod setUp" time="0.0">
    <skipped/>
  </testcase> <!-- @BeforeMethod setUp -->
  <testcase classname="org.project1.BestBuyProject.BestBuyEcommerceTest" name="@AfterMethod tearDown" time="0.0">
    <skipped/>
  </testcase> <!-- @AfterMethod tearDown -->
  <testcase classname="org.project1.BestBuyProject.BestBuyEcommerceTest" name="@BeforeMethod setUp" time="0.0">
    <skipped/>
  </testcase> <!-- @BeforeMethod setUp -->
  <testcase classname="org.project1.BestBuyProject.BestBuyEcommerceTest" name="@AfterMethod tearDown" time="0.0">
    <skipped/>
  </testcase> <!-- @AfterMethod tearDown -->
  <testcase classname="org.project1.BestBuyProject.BestBuyEcommerceTest" name="@AfterClass tearDown" time="0.0">
    <skipped/>
  </testcase> <!-- @AfterClass tearDown -->
  <testcase classname="org.project1.BestBuyProject.BestBuyEcommerceTest" name="testAddToCartNegative" time="0.001">
    <skipped/>
  </testcase> <!-- testAddToCartNegative -->
  <testcase classname="org.project1.BestBuyProject.BestBuyEcommerceTest" name="testAddToCartPositive" time="0.0">
    <skipped/>
  </testcase> <!-- testAddToCartPositive -->
  <testcase classname="org.project1.BestBuyProject.BestBuyEcommerceTest" name="testCheckoutPositive" time="0.0">
    <skipped/>
  </testcase> <!-- testCheckoutPositive -->
</testsuite> <!-- Test -->
